app/build/outputs/logs/manifest-merger-debug-report.txt
-- Merging decision tree log ---
manifest
ADDED from src\main\AndroidManifest.xml:2:1-76:12
	package
		ADDED from src\main\AndroidManifest.xml:3:5-51
		INJECTED from src\main\AndroidManifest.xml
		INJECTED from src\main\AndroidManifest.xml
	android:versionName
		ADDED from src\main\AndroidManifest.xml:5:5-30
		INJECTED from src\main\AndroidManifest.xml
		INJECTED from src\main\AndroidManifest.xml
	android:versionCode
		ADDED from src\main\AndroidManifest.xml:4:5-28
		INJECTED from src\main\AndroidManifest.xml
		INJECTED from src\main\AndroidManifest.xml
	xmlns:android
		ADDED from src\main\AndroidManifest.xml:2:11-69
uses-sdk
ADDED from src\main\AndroidManifest.xml:7:5-9:41
MERGED from [com.commonsware.cwac:cam2:0.6.6] AndroidManifest.xml:5:5-7:41
MERGED from [com.github.clans:fab:1.6.2] AndroidManifest.xml:8:5-10:41
MERGED from [com.commonsware.cwac:security:0.6.3] AndroidManifest.xml:7:5-9:41
MERGED from [com.android.support:appcompat-v7:24.1.1] AndroidManifest.xml:21:5-23:78
MERGED from [com.android.support:animated-vector-drawable:24.1.1] AndroidManifest.xml:20:5-44
MERGED from [com.android.support:support-vector-drawable:24.1.1] AndroidManifest.xml:21:5-43
MERGED from [com.android.support:support-v4:24.1.1] AndroidManifest.xml:21:5-23:54
MERGED from [com.android.support:support-v4:24.1.1] AndroidManifest.xml:21:5-23:54
MERGED from [com.android.support:support-vector-drawable:24.1.1] AndroidManifest.xml:21:5-43
MERGED from [com.android.support:support-v4:24.1.1] AndroidManifest.xml:21:5-23:54
MERGED from [com.android.support:support-v4:24.1.1] AndroidManifest.xml:21:5-23:54
MERGED from [com.android.support:support-v13:24.1.1] AndroidManifest.xml:21:5-23:55
MERGED from [com.android.support:support-v4:24.1.1] AndroidManifest.xml:21:5-23:54
MERGED from [com.android.support:cardview-v7:24.1.1] AndroidManifest.xml:20:5-43
	tools:overrideLibrary
		ADDED from [com.android.support:appcompat-v7:24.1.1] AndroidManifest.xml:23:9-75
	android:targetSdkVersion
		ADDED from src\main\AndroidManifest.xml:9:9-38
		INJECTED from src\main\AndroidManifest.xml
		INJECTED from src\main\AndroidManifest.xml
	android:minSdkVersion
		ADDED from src\main\AndroidManifest.xml:8:9-35
		INJECTED from src\main\AndroidManifest.xml
		INJECTED from src\main\AndroidManifest.xml
uses-permission#android.permission.ACCESS_COARSE_LOCATION
ADDED from src\main\AndroidManifest.xml:11:5-81
	android:name
		ADDED from src\main\AndroidManifest.xml:11:22-78
uses-permission#android.permission.INTERNET
ADDED from src\main\AndroidManifest.xml:12:5-67
	android:name
		ADDED from src\main\AndroidManifest.xml:12:22-64
uses-permission#android.permission.CAMERA
ADDED from src\main\AndroidManifest.xml:13:5-65
MERGED from [com.commonsware.cwac:cam2:0.6.6] AndroidManifest.xml:9:5-65
	android:name
		ADDED from src\main\AndroidManifest.xml:13:22-62
uses-feature#android.hardware.camera.front
ADDED from src\main\AndroidManifest.xml:14:5-90
MERGED from [com.commonsware.cwac:cam2:0.6.6] AndroidManifest.xml:16:5-18:36
	android:required
		ADDED from src\main\AndroidManifest.xml:14:64-87
	android:name
		ADDED from src\main\AndroidManifest.xml:14:19-63
uses-permission#android.permission.READ_EXTERNAL_STORAGE
ADDED from src\main\AndroidManifest.xml:15:5-80
	android:name
		ADDED from src\main\AndroidManifest.xml:15:22-77
uses-permission#android.permission.WRITE_EXTERNAL_STORAGE
ADDED from src\main\AndroidManifest.xml:16:5-81
MERGED from [com.commonsware.cwac:cam2:0.6.6] AndroidManifest.xml:10:5-81
	android:name
		ADDED from src\main\AndroidManifest.xml:16:22-78
uses-permission#android.permission.ACCESS_NETWORK_STATE
ADDED from src\main\AndroidManifest.xml:17:5-79
	android:name
		ADDED from src\main\AndroidManifest.xml:17:22-76
uses-permission#android.permission.RECORD_AUDIO
ADDED from src\main\AndroidManifest.xml:18:5-71
MERGED from [com.commonsware.cwac:cam2:0.6.6] AndroidManifest.xml:11:5-71
	android:name
		ADDED from src\main\AndroidManifest.xml:18:22-68
application
ADDED from src\main\AndroidManifest.xml:20:5-74:19
MERGED from [com.commonsware.cwac:cam2:0.6.6] AndroidManifest.xml:26:5-29:19
MERGED from [com.github.clans:fab:1.6.2] AndroidManifest.xml:12:5-20
MERGED from [com.commonsware.cwac:security:0.6.3] AndroidManifest.xml:11:5-20
MERGED from [com.android.support:appcompat-v7:24.1.1] AndroidManifest.xml:25:5-20
MERGED from [com.android.support:animated-vector-drawable:24.1.1] AndroidManifest.xml:22:5-20
MERGED from [com.android.support:support-vector-drawable:24.1.1] AndroidManifest.xml:23:5-20
MERGED from [com.android.support:support-v4:24.1.1] AndroidManifest.xml:25:5-20
MERGED from [com.android.support:support-v4:24.1.1] AndroidManifest.xml:25:5-20
MERGED from [com.android.support:support-vector-drawable:24.1.1] AndroidManifest.xml:23:5-20
MERGED from [com.android.support:support-v4:24.1.1] AndroidManifest.xml:25:5-20
MERGED from [com.android.support:support-v4:24.1.1] AndroidManifest.xml:25:5-20
MERGED from [com.android.support:support-v13:24.1.1] AndroidManifest.xml:25:5-20
MERGED from [com.android.support:support-v4:24.1.1] AndroidManifest.xml:25:5-20
MERGED from [com.android.support:cardview-v7:24.1.1] AndroidManifest.xml:22:5-20
	android:label
		ADDED from src\main\AndroidManifest.xml:23:9-41
	android:allowBackup
		ADDED from src\main\AndroidManifest.xml:21:9-35
	android:icon
		ADDED from src\main\AndroidManifest.xml:22:9-45
	android:theme
		ADDED from src\main\AndroidManifest.xml:24:9-47
activity#com.codepath.examples.audiovideodemo.MainActivity
ADDED from src\main\AndroidManifest.xml:25:9-33:20
	android:label
		ADDED from src\main\AndroidManifest.xml:27:13-45
	android:name
		ADDED from src\main\AndroidManifest.xml:26:13-77
intent-filter#android.intent.action.MAIN+android.intent.category.LAUNCHER
ADDED from src\main\AndroidManifest.xml:28:13-32:29
action#android.intent.action.MAIN
ADDED from src\main\AndroidManifest.xml:29:17-69
	android:name
		ADDED from src\main\AndroidManifest.xml:29:25-66
category#android.intent.category.LAUNCHER
ADDED from src\main\AndroidManifest.xml:31:17-77
	android:name
		ADDED from src\main\AndroidManifest.xml:31:27-74
receiver#com.codepath.examples.audiovideodemo.AlarmReceiver
ADDED from src\main\AndroidManifest.xml:35:9-42:20
	android:name
		ADDED from src\main\AndroidManifest.xml:35:19-48
intent-filter#com.codepath.CUSTOM_INTENT
ADDED from src\main\AndroidManifest.xml:37:13-40:29
action#com.codepath.CUSTOM_INTENT
ADDED from src\main\AndroidManifest.xml:38:17-39:26
	android:name
		ADDED from src\main\AndroidManifest.xml:38:25-66
activity#com.codepath.examples.audiovideodemo.VideoActivity
ADDED from src\main\AndroidManifest.xml:43:9-56:20
	android:label
		ADDED from src\main\AndroidManifest.xml:45:13-57
	android:parentActivityName
		ADDED from src\main\AndroidManifest.xml:46:13-91
	android:name
		ADDED from src\main\AndroidManifest.xml:44:13-78
intent-filter#android.intent.category.DEFAULT+com.codepath.examples.audiovideodemo.VideoActivity
ADDED from src\main\AndroidManifest.xml:47:13-51:29
action#com.codepath.examples.audiovideodemo.VideoActivity
ADDED from src\main\AndroidManifest.xml:48:17-93
	android:name
		ADDED from src\main\AndroidManifest.xml:48:25-90
category#android.intent.category.DEFAULT
ADDED from src\main\AndroidManifest.xml:50:17-76
	android:name
		ADDED from src\main\AndroidManifest.xml:50:27-73
meta-data#android.support.PARENT_ACTIVITY
ADDED from src\main\AndroidManifest.xml:53:13-55:85
	android:value
		ADDED from src\main\AndroidManifest.xml:55:17-82
	android:name
		ADDED from src\main\AndroidManifest.xml:54:17-63
activity#com.codepath.examples.audiovideodemo.AlarmActivity
ADDED from src\main\AndroidManifest.xml:57:9-59:59
	android:label
		ADDED from src\main\AndroidManifest.xml:59:13-57
	android:name
		ADDED from src\main\AndroidManifest.xml:58:13-78
activity#com.codepath.examples.audiovideodemo.CameraActivity
ADDED from src\main\AndroidManifest.xml:62:9-63:53
	android:label
		ADDED from src\main\AndroidManifest.xml:63:21-51
	android:name
		ADDED from src\main\AndroidManifest.xml:62:19-49
activity#com.codepath.examples.audiovideodemo.TakeVideoActivity
ADDED from src\main\AndroidManifest.xml:65:9-69:20
	android:label
		ADDED from src\main\AndroidManifest.xml:67:13-45
	android:name
		ADDED from src\main\AndroidManifest.xml:66:13-46
service#com.amazonaws.mobileconnectors.s3.transferutility.TransferService
ADDED from src\main\AndroidManifest.xml:70:9-72:38
	android:enabled
		ADDED from src\main\AndroidManifest.xml:72:13-35
	android:name
		ADDED from src\main\AndroidManifest.xml:71:13-93
uses-feature#android.hardware.camera
ADDED from [com.commonsware.cwac:cam2:0.6.6] AndroidManifest.xml:13:5-15:35
	android:required
		ADDED from [com.commonsware.cwac:cam2:0.6.6] AndroidManifest.xml:15:9-32
	android:name
		ADDED from [com.commonsware.cwac:cam2:0.6.6] AndroidManifest.xml:14:9-47
uses-feature#android.hardware.camera.autofocus
ADDED from [com.commonsware.cwac:cam2:0.6.6] AndroidManifest.xml:19:5-21:36
	android:required
		ADDED from [com.commonsware.cwac:cam2:0.6.6] AndroidManifest.xml:21:9-33
	android:name
		ADDED from [com.commonsware.cwac:cam2:0.6.6] AndroidManifest.xml:20:9-57
uses-feature#android.hardware.microphone
ADDED from [com.commonsware.cwac:cam2:0.6.6] AndroidManifest.xml:22:5-24:36
	android:required
		ADDED from [com.commonsware.cwac:cam2:0.6.6] AndroidManifest.xml:24:9-33
	android:name
		ADDED from [com.commonsware.cwac:cam2:0.6.6] AndroidManifest.xml:23:9-51
activity#com.commonsware.cwac.cam2.CameraActivity
ADDED from [com.commonsware.cwac:cam2:0.6.6] AndroidManifest.xml:27:9-77
	android:name
		ADDED from [com.commonsware.cwac:cam2:0.6.6] AndroidManifest.xml:27:19-74
activity#com.commonsware.cwac.cam2.VideoRecorderActivity
ADDED from [com.commonsware.cwac:cam2:0.6.6] AndroidManifest.xml:28:9-84
	android:name
		ADDED from [com.commonsware.cwac:cam2:0.6.6] AndroidManifest.xml:28:19-81